<?xml version="1.0" encoding="UTF-8"?>
<!-- Generated by org.testng.reporters.JUnitReportReporter -->
<testsuite hostname="Fatimah" failures="0" tests="1" name="parameters.Test.DemoTest" time="0.013" errors="0" timestamp="2023-10-09T13:57:06 SGT" skipped="0">
  <testcase classname="parameters.Test.DemoTest" name="testCaseDemo" time="0.013"/>
</testsuite> <!-- parameters.Test.DemoTest -->
